[ MESSAGE: 07-30-2025 14:09:02 ]: 1400178391474372789 | FFA-1370013148983201792/cmds-1400104223508533309 | Agent Larry:sec_t: ;purge 80
[ MESSAGE: 07-30-2025 14:09:09 ]: 1400178421367177328 | FFA-1370013148983201792/cmds-1400104223508533309 | Agent Larry:sec_t: ?purge 10
[ MESSAGE: 07-30-2025 14:09:10 ]: 1400178423535501383 | FFA-1370013148983201792/cmds-1400104223508533309 | Carl-bot:Carl-bot: 10 messages were removed.

**Insanity#6105**: 6
**sec_t (Agent Larry)**: 4
[ MESSAGE: 07-30-2025 14:09:11 ]: 1400178429239758939 | FFA-1370013148983201792/logs-1397686339520168108 | Carl-bot Logging:Carl-bot Logging: 
[ MESSAGE: 07-30-2025 14:09:18 ]: 1400178460185595914 | FFA-1370013148983201792/cmds-1400104223508533309 | Agent Larry:sec_t: greg
[ MESSAGE: 07-30-2025 14:09:20 ]: 1400178465331871874 | FFA-1370013148983201792/cmds-1400104223508533309 | Agent Larry:sec_t: reg
[ MESSAGE: 07-30-2025 14:09:20 ]: 1400178468188065963 | FFA-1370013148983201792/cmds-1400104223508533309 | Agent Larry:sec_t: erg
[ MESSAGE: 07-30-2025 14:09:21 ]: 1400178470834798634 | FFA-1370013148983201792/cmds-1400104223508533309 | Agent Larry:sec_t: erg
[ MESSAGE: 07-30-2025 14:09:22 ]: 1400178472948596959 | FFA-1370013148983201792/cmds-1400104223508533309 | Agent Larry:sec_t: rege
[ MESSAGE: 07-30-2025 14:09:22 ]: 1400178476681658418 | FFA-1370013148983201792/cmds-1400104223508533309 | Agent Larry:sec_t: rg
[ MESSAGE: 07-30-2025 14:09:28 ]: 1400178499993604196 | FFA-1370013148983201792/cmds-1400104223508533309 | Agent Larry:sec_t: ;clean 10 <@1396851228478013515>
[ MESSAGE: 07-30-2025 14:09:31 ]: 1400178512761065505 | FFA-1370013148983201792/logs-1397686339520168108 | Carl-bot Logging:Carl-bot Logging: 
[ MESSAGE: 07-30-2025 14:09:36 ]: 1400178534097616936 | FFA-1370013148983201792/logs-1397686339520168108 | Carl-bot Logging:Carl-bot Logging: 
[ MESSAGE: 07-30-2025 14:09:40 ]: 1400178548672827422 | FFA-1370013148983201792/cmds-1400104223508533309 | Agent Larry:sec_t: >deleted
[ MESSAGE: 07-30-2025 14:11:23 ]: 1400178980836999168 | FFA-1370013148983201792/cmds-1400104223508533309 | Agent Larry:sec_t: >deleted
[ MESSAGE: 07-30-2025 14:11:49 ]: 1400179091038273739 | FFA-1370013148983201792/cmds-1400104223508533309 | Agent Larry:sec_t: >deleted
[ MESSAGE: 07-30-2025 14:12:31 ]: 1400179266733346946 | FFA-1370013148983201792/cmds-1400104223508533309 | Agent Larry:sec_t: >deleted
[ MESSAGE: 07-30-2025 14:15:51 ]: 1400180107632705619 | FFA-1370013148983201792/cmds-1400104223508533309 | Agent Larry:sec_t: >deleted
[ MESSAGE: 07-30-2025 14:17:15 ]: 1400180457756295280 | FFA-1370013148983201792/cmds-1400104223508533309 | Agent Larry:sec_t: >deleted
[ MESSAGE: 07-30-2025 14:17:18 ]: 1400180471123677204 | FFA-1370013148983201792/cmds-1400104223508533309 | Agent Larry:sec_t: >deleted
[ MESSAGE: 07-30-2025 14:17:53 ]: 1400180619627069560 | FFA-1370013148983201792/cmds-1400104223508533309 | Agent Larry:sec_t: >deleted
[ MESSAGE: 07-30-2025 14:19:24 ]: 1400180999073173704 | FFA-1370013148983201792/cmds-1400104223508533309 | Agent Larry:sec_t: >deleted
[ MESSAGE: 07-30-2025 14:20:50 ]: 1400181360559128596 | FFA-1370013148983201792/cmds-1400104223508533309 | Agent Larry:sec_t: >deleted
[ MESSAGE: 07-30-2025 14:20:51 ]: 1400181362870321263 | FFA-1370013148983201792/cmds-1400104223508533309 | Insanity:Insanity: 
[ MESSAGE: 07-30-2025 14:21:00 ]: 1400181404628942918 | FFA-1370013148983201792/cmds-1400104223508533309 | Agent Larry:sec_t: holy
[ MESSAGE: 07-30-2025 14:21:17 ]: 1400181475990569041 | FFA-1370013148983201792/cmds-1400104223508533309 | Agent Larry:sec_t: >deleted
[ MESSAGE: 07-30-2025 14:21:18 ]: 1400181477051727872 | FFA-1370013148983201792/cmds-1400104223508533309 | Insanity:Insanity: 
[ MESSAGE: 07-30-2025 14:25:10 ]: 1400182449379479663 | FFA-1370013148983201792/logs-1397686339520168108 | Carl-bot Logging:Carl-bot Logging: 
[ MESSAGE: 07-30-2025 14:25:10 ]: 1400182449677275276 | FFA-1370013148983201792/cmds-1400104223508533309 | Agent Larry:sec_t: gg
[ MESSAGE: 07-30-2025 14:25:15 ]: 1400182470414045245 | FFA-1370013148983201792/logs-1397686339520168108 | Carl-bot Logging:Carl-bot Logging: 
[ MESSAGE: 07-30-2025 14:25:35 ]: 1400182555906408620 | FFA-1370013148983201792/cmds-1400104223508533309 | Agent Larry:sec_t: ew
[ MESSAGE: 07-30-2025 14:25:40 ]: 1400182575611252827 | FFA-1370013148983201792/logs-1397686339520168108 | Carl-bot Logging:Carl-bot Logging: 
[ MESSAGE: 07-30-2025 14:26:00 ]: 1400182660185325670 | FFA-1370013148983201792/cmds-1400104223508533309 | Agent Larry:sec_t: sadsa
[ MESSAGE: 07-30-2025 14:26:05 ]: 1400182680938610760 | FFA-1370013148983201792/logs-1397686339520168108 | Carl-bot Logging:Carl-bot Logging: 
[ MESSAGE: 07-30-2025 14:26:32 ]: 1400182794721955941 | FFA-1370013148983201792/cmds-1400104223508533309 | Agent Larry:sec_t: wfwefewfewfwef
[ MESSAGE: 07-30-2025 14:26:35 ]: 1400182807770169415 | FFA-1370013148983201792/cmds-1400104223508533309 | Insanity:Insanity: 
[ MESSAGE: 07-30-2025 14:26:40 ]: 1400182826753593415 | FFA-1370013148983201792/logs-1397686339520168108 | Carl-bot Logging:Carl-bot Logging: 
[ MESSAGE: 07-30-2025 14:29:24 ]: 1400183517979086848 | FFA-1370013148983201792/cmds-1400104223508533309 | Agent Larry:sec_t: dsdsa
[ MESSAGE: 07-30-2025 14:29:30 ]: 1400183539768627371 | FFA-1370013148983201792/cmds-1400104223508533309 | Agent Larry:sec_t: ggrgergregerg
[ MESSAGE: 07-30-2025 14:29:35 ]: 1400183561415426151 | FFA-1370013148983201792/logs-1397686339520168108 | Carl-bot Logging:Carl-bot Logging: 
[ MESSAGE: 07-30-2025 14:30:09 ]: 1400183704978063541 | FFA-1370013148983201792/cmds-1400104223508533309 | Agent Larry:sec_t: fwef
[ MESSAGE: 07-30-2025 14:30:12 ]: 1400183717749588018 | FFA-1370013148983201792/logs-1397686339520168108 | Insanity:Insanity: 
[ MESSAGE: 07-30-2025 14:30:15 ]: 1400183728952574065 | FFA-1370013148983201792/logs-1397686339520168108 | Carl-bot Logging:Carl-bot Logging: 
[ MESSAGE: 07-30-2025 14:30:21 ]: 1400183756102439042 | FFA-1370013148983201792/logs-1397686339520168108 | Agent Larry:sec_t: holy shit
[ MESSAGE: 07-30-2025 14:30:22 ]: 1400183759176990811 | FFA-1370013148983201792/logs-1397686339520168108 | Agent Larry:sec_t: lmao
[ MESSAGE: 07-30-2025 14:31:00 ]: 1400183917931397150 | FFA-1370013148983201792/logs-1397686339520168108 | Carl-bot Logging:Carl-bot Logging: 
